<?xml version="1.0" encoding="UTF-8"?>
<!-- Generated by org.testng.reporters.JUnitReportReporter -->
<testsuite hostname="Spraynt-AG" failures="0" tests="1" name="com.eBanking.testCases.TC_LoginTest_TestCase_001" time="82.592" errors="0" timestamp="2020-05-13T22:56:37 IST" skipped="0">
  <testcase classname="com.eBanking.testCases.TC_LoginTest_TestCase_001" name="loginTest" time="82.592"/>
  <system-out/>
</testsuite> <!-- com.eBanking.testCases.TC_LoginTest_TestCase_001 -->
